{
  "RSpec": {
    "coverage": {
      "/Users/student/Projects/week10/review/spec/report_spec.rb": {
        "lines": [
          1,
          null,
          1,
          null,
          1,
          1,
          1,
          1,
          null,
          null,
          1,
          2,
          null,
          null,
          null,
          1,
          1,
          1,
          1,
          null,
          null,
          1,
          1,
          1,
          null,
          null,
          null,
          1,
          1,
          1,
          1,
          null,
          null,
          1,
          1,
          1,
          null,
          null,
          null,
          1,
          1,
          1,
          1,
          null,
          null,
          1,
          1,
          1,
          null,
          null,
          null
        ]
      },
      "/Users/student/Projects/week10/review/lib/report.rb": {
        "lines": [
          1,
          null,
          1,
          null,
          1,
          8,
          7,
          null,
          null,
          1,
          5,
          null,
          null,
          1,
          47,
          null,
          null,
          1,
          15,
          null,
          null,
          null,
          null,
          null,
          null
        ]
      }
    },
    "timestamp": 1582625784
  }
}
